2024/02/09 17:48:14 Log entry
2024/02/09 17:48:14 open cert.pem: The system cannot find the file specified.
2024/02/09 17:48:34 Log entry
2024/02/09 17:48:34 open cert.pem: The system cannot find the file specified.
2024/02/09 17:51:43 Log entry
2024/02/09 17:51:43 open cert.pem: The system cannot find the file specified.
2024/02/09 17:52:47 Log entry
2024/02/09 17:52:48 open cert.pem: The system cannot find the file specified.
2024/02/09 17:55:05 Log entry
2024/02/09 17:57:41 Log entry
2024/02/09 18:00:51 Log entry
2024/02/09 18:01:09 Log entry
2024/02/09 18:04:42 Log entry
2024/02/09 18:10:15 Log entry
2024/02/09 18:10:15 Server is starting...
2024/02/09 18:10:46 Log entry
2024/02/09 18:11:21 Log entry
2024/02/09 18:14:53 Log entry
2024/02/09 18:15:50 Log entry
2024/02/09 18:18:19 Log entry
2024/02/09 18:20:50 Log entry
2024/02/09 18:25:11 Log entry
2024/02/09 18:25:11 Shutting down the server...
Server: 2024/02/09 18:26:34 server.go:33: Log entry
Server: 2024/02/09 18:26:34 server.go:49: Shutting down the server...
Server: 2024/02/09 18:30:18 server.go:41: Log entry
Server: 2024/02/09 18:31:20 server.go:56: Received signal: interrupt
Server: 2024/02/09 18:31:20 server.go:72: Shutting down the server...
Server: 2024/02/09 18:31:22 server.go:41: Log entry
Server: 2024/02/09 18:34:06 server.go:56: Received signal: interrupt
Server: 2024/02/09 18:34:06 server.go:74: Shutting down the server...
Server: 2024/02/09 18:34:09 server.go:40: Log entry
Server: 2024/02/09 18:34:09 server.go:63: open cert.pem: The system cannot find the file specified.
Server: 2024/02/09 18:36:40 server.go:37: Log entry
Server: 2024/02/09 18:36:56 server.go:55: Received signal: interrupt
Server: 2024/02/09 18:37:01 server.go:37: Log entry
Server: 2024/02/09 18:37:04 server.go:55: Received signal: interrupt
Server: 2024/02/09 18:37:50 server.go:37: Log entry
Server: 2024/02/09 18:38:16 server.go:55: Received signal: interrupt
Server: 2024/02/09 18:40:02 server.go:37: Log entry
Server: 2024/02/09 18:40:12 server.go:55: Received signal: interrupt
Server: 2024/02/09 18:40:53 server.go:40: Log entry
Server: 2024/02/09 18:41:03 server.go:55: Received signal: interrupt
Server: 2024/02/09 18:42:02 server.go:40: Log entry
Server: 2024/02/09 18:42:10 server.go:55: Received signal: interrupt
Server: 2024/02/09 18:46:24 server.go:34: Log entry
Server: 2024/02/09 18:46:24 server.go:53: Starting the HTTP server with IP: :443
Server: 2024/02/09 18:48:57 server.go:35: Log entry
Server: 2024/02/09 18:48:57 server.go:54: Starting the HTTPS server with IP: 127.0.0.1:443
Server: 2024/02/09 18:54:51 server.go:35: Log entry
Server: 2024/02/09 18:54:51 server.go:54: Starting the HTTPS server with address: 127.0.0.1:443
Server: 2024/02/09 18:57:24 server.go:36: Log entry
Server: 2024/02/09 18:57:24 server.go:60: Starting the HTTPS server with address: 127.0.0.1:443
Server: 2024/02/09 18:57:32 server.go:77: Received signal: interrupt
Server: 2024/02/09 18:59:13 server.go:36: Log entry
Server: 2024/02/09 18:59:13 server.go:57: Starting the HTTPS server with address: 127.0.0.1:443
Server: 2024/02/09 18:59:17 server.go:78: Received signal: interrupt
Server: 2024/02/09 19:01:18 server.go:36: Log entry
Server: 2024/02/09 19:01:19 server.go:57: Starting the HTTPS server with address: 127.0.0.1:443
Server: 2024/02/09 19:01:23 server.go:84: Received signal: interrupt
Server: 2024/02/09 19:02:40 server.go:36: Log entry
Server: 2024/02/09 19:02:40 server.go:57: Starting the HTTPS server with address: 127.0.0.1:443
Server: 2024/02/09 19:02:51 server.go:84: Received signal: interrupt
Server: 2024/02/09 19:04:02 server.go:37: Log entry
Server: 2024/02/09 19:04:02 server.go:57: Starting the HTTPS server with address: 127.0.0.1:443
Server: 2024/02/09 19:04:09 server.go:88: Received signal: interrupt
Server: 2024/02/09 19:08:00 server.go:36: Log entry
Server: 2024/02/09 19:08:00 server.go:61: HTTPS server is starting with address: 127.0.0.1:443
Server: 2024/02/09 19:08:05 server.go:54: Received signal: interrupt
Server: 2024/02/09 19:08:05 server.go:73: Shutting down the server...
Server: 2024/02/09 19:08:58 server.go:36: Log entry
Server: 2024/02/09 19:08:58 server.go:61: HTTPS server is starting with address: 127.0.0.1:443
Server: 2024/02/09 19:15:53 server.go:54: Received signal: interrupt
Server: 2024/02/09 19:15:53 server.go:72: Shutting down the server...
